#
# There is insufficient memory for the Java Runtime Environment to continue.
# Native memory allocation (mmap) failed to map 335544320 bytes. Error detail: G1 virtual space
# Possible reasons:
#   The system is out of physical RAM or swap space
#   This process is running with CompressedOops enabled, and the Java Heap may be blocking the growth of the native heap
# Possible solutions:
#   Reduce memory load on the system
#   Increase physical memory or swap space
#   Check if swap backing store is full
#   Decrease Java heap size (-Xmx/-Xms)
#   Decrease number of Java threads
#   Decrease Java thread stack sizes (-Xss)
#   Set larger code cache with -XX:ReservedCodeCacheSize=
#   JVM is running with Zero Based Compressed Oops mode in which the Java heap is
#     placed in the first 32GB address space. The Java Heap base address is the
#     maximum limit for the native heap growth. Please use -XX:HeapBaseMinAddress
#     to set the Java Heap base and to place the Java Heap above 32GB virtual address.
# This output file may be truncated or incomplete.
#
#  Out of Memory Error (os_windows.cpp:3703), pid=6080, tid=8964
#
# JRE version:  (23.0.1+11) (build )
# Java VM: OpenJDK 64-Bit Server VM (23.0.1+11-39, mixed mode, sharing, tiered, compressed oops, compressed class ptrs, g1 gc, windows-amd64)
# No core dump will be written. Minidumps are not enabled by default on client versions of Windows
#

---------------  S U M M A R Y ------------

Command Line: -ea -Didea.test.cyclic.buffer.size=1048576 -javaagent:C:\Users\Schueler\Desktop\IntelliJ IDEA Community Edition 2024.2.3\lib\idea_rt.jar=54754:C:\Users\Schueler\Desktop\IntelliJ IDEA Community Edition 2024.2.3\bin -Dfile.encoding=UTF-8 -Dsun.stdout.encoding=UTF-8 -Dsun.stderr.encoding=UTF-8 -agentpath:C:\Program Files\SentinelOne\Sentinel Agent 23.3.3.264\SentinelJava64.dll=extendedCapabilities com.intellij.rt.testng.RemoteTestNGStarter -usedefaultlisteners false -socket54753 @w@C:\Users\Schueler\AppData\Local\Temp\idea_working_dirs_testng.tmp -temp C:\Users\Schueler\AppData\Local\Temp\idea_testng.tmp

Host: Intel(R) Xeon(R) Gold 6338 CPU @ 2.00GHz, 4 cores, 19G,  Windows 10 , 64 bit Build 19041 (10.0.19041.4957)
Time: Tue Oct 22 10:34:37 2024 Mitteleuropäische Sommerzeit elapsed time: 0.044692 seconds (0d 0h 0m 0s)

---------------  T H R E A D  ---------------

Current thread (0x0000020f03253180):  JavaThread "Unknown thread" [_thread_in_vm, id=8964, stack(0x000000d137900000,0x000000d137a00000) (1024K)]

Stack: [0x000000d137900000,0x000000d137a00000]
Native frames: (J=compiled Java code, j=interpreted, Vv=VM code, C=native code)
V  [jvm.dll+0x6e08b9]  (no source info available)
V  [jvm.dll+0x87dc83]  (no source info available)
V  [jvm.dll+0x88010e]  (no source info available)
V  [jvm.dll+0x8807e3]  (no source info available)
V  [jvm.dll+0x27aee6]  (no source info available)
V  [jvm.dll+0x6dd1c5]  (no source info available)
V  [jvm.dll+0x6d104a]  (no source info available)
V  [jvm.dll+0x35b3ea]  (no source info available)
V  [jvm.dll+0x3637f6]  (no source info available)
V  [jvm.dll+0x34fd5e]  (no source info available)
V  [jvm.dll+0x34fff8]  (no source info available)
V  [jvm.dll+0x3289cc]  (no source info available)
V  [jvm.dll+0x32966e]  (no source info available)
V  [jvm.dll+0x844355]  (no source info available)
V  [jvm.dll+0x3b9848]  (no source info available)
V  [jvm.dll+0x82d14c]  (no source info available)
V  [jvm.dll+0x454d4e]  (no source info available)
V  [jvm.dll+0x456bd1]  (no source info available)
C  [InProcessClient64.dll+0x14fc90]  (no source info available)
C  [InProcessClient64.dll+0xf7386]  (no source info available)
C  [InProcessClient64.dll+0xf72d2]  (no source info available)
C  [jli.dll+0x52a3]  (no source info available)
C  [ucrtbase.dll+0x21bb2]  (no source info available)
C  [KERNEL32.DLL+0x17374]  (no source info available)
C  [ntdll.dll+0x4cc91]  (no source info available)

Lock stack of current Java thread (top to bottom):


---------------  P R O C E S S  ---------------

Threads class SMR info:
_java_thread_list=0x00007ffa3a0a3618, length=0, elements={
}

Java Threads: ( => current thread )
Total: 0

Other Threads:
  0x0000020f23f19020 WorkerThread "GC Thread#0"                     [id=11456, stack(0x000000d137a00000,0x000000d137b00000) (1024K)]
  0x0000020f05ceba40 ConcurrentGCThread "G1 Main Marker"            [id=7324, stack(0x000000d137b00000,0x000000d137c00000) (1024K)]
  0x0000020f05cee490 WorkerThread "G1 Conc#0"                       [id=7636, stack(0x000000d137c00000,0x000000d137d00000) (1024K)]

[error occurred during error reporting (printing all threads), id 0xc0000005, EXCEPTION_ACCESS_VIOLATION (0xc0000005) at pc=0x00007ffa397ebfba]
VM state: not at safepoint (not fully initialized)

VM Mutex/Monitor currently owned by a thread:  ([mutex/lock_event])
[0x00007ffa3a123a10] Heap_lock - owner thread: 0x0000020f03253180

Heap address: 0x00000006c0000000, size: 5120 MB, Compressed Oops mode: Zero based, Oop shift amount: 3

CDS archive(s) mapped at: [0x0000000000000000-0x0000000000000000-0x0000000000000000), size 0, SharedBaseAddress: 0x0000000800000000, ArchiveRelocationMode: 1.
Narrow klass base: 0x0000000000000000, Narrow klass shift: 0, Narrow klass range: 0x0

GC Precious Log:
 CardTable entry size: 512
 Card Set container configuration: InlinePtr #cards 4 size 8 Array Of Cards #cards 32 size 80 Howl #buckets 8 coarsen threshold 7372 Howl Bitmap #cards 1024 size 144 coarsen threshold 921 Card regions per heap region 1 cards per card region 8192

Heap:
 garbage-first heap   total reserved 5242880K, committed 0K, used 0K [0x00000006c0000000, 0x0000000800000000)
  region size 4096K, 0 young (0K), 0 survivors (0K)

[error occurred during error reporting (printing heap information), id 0xc0000005, EXCEPTION_ACCESS_VIOLATION (0xc0000005) at pc=0x00007ffa39bec3c9]
GC Heap History (0 events):
No events

Dll operation events (1 events):
Event: 0.024 Loaded shared library C:\Users\Schueler\.jdks\openjdk-23.0.1\bin\java.dll

Deoptimization events (0 events):
No events

Classes loaded (0 events):
No events

Classes unloaded (0 events):
No events

Classes redefined (0 events):
No events

Internal exceptions (0 events):
No events

VM Operations (0 events):
No events

Memory protections (0 events):
No events

Nmethod flushes (0 events):
No events

Events (0 events):
No events


Dynamic libraries:
0x00007ff641380000 - 0x00007ff64138e000 	C:\Users\Schueler\.jdks\openjdk-23.0.1\bin\java.exe
0x0000020f03740000 - 0x0000020f03938000 	C:\Windows\SYSTEM32\ntd1l.dll
0x0000020f03940000 - 0x0000020f03a02000 	C:\Windows\System32\kern3l32.dll
0x00007ffa8ceb0000 - 0x00007ffa8d0a8000 	C:\Windows\SYSTEM32\ntdll.dll
0x00007ffa8b760000 - 0x00007ffa8b822000 	C:\Windows\System32\KERNEL32.DLL
0x00007ffa8aaa0000 - 0x00007ffa8ad9e000 	C:\Windows\System32\KERNELBASE.dll
0x00007ffa8a150000 - 0x00007ffa8a47a000 	C:\Program Files\SentinelOne\Sentinel Agent 23.3.3.264\InProcessClient64.dll
0x00007ffa8c340000 - 0x00007ffa8c3f2000 	C:\Windows\System32\ADVAPI32.dll
0x00007ffa8b6b0000 - 0x00007ffa8b74e000 	C:\Windows\System32\msvcrt.dll
0x00007ffa8b2b0000 - 0x00007ffa8b350000 	C:\Windows\System32\sechost.dll
0x00007ffa8bfa0000 - 0x00007ffa8c0c3000 	C:\Windows\System32\RPCRT4.dll
0x00007ffa8a550000 - 0x00007ffa8a577000 	C:\Windows\System32\bcrypt.dll
0x00007ffa8a9a0000 - 0x00007ffa8aaa0000 	C:\Windows\System32\ucrtbase.dll
0x00007ffa6edf0000 - 0x00007ffa6ee07000 	C:\Users\Schueler\.jdks\openjdk-23.0.1\bin\jli.dll
0x00007ffa8c750000 - 0x00007ffa8c8ed000 	C:\Windows\System32\USER32.dll
0x00007ffa8ae50000 - 0x00007ffa8ae72000 	C:\Windows\System32\win32u.dll
0x00007ffa8c8f0000 - 0x00007ffa8c91b000 	C:\Windows\System32\GDI32.dll
0x00007ffa8a7e0000 - 0x00007ffa8a8f7000 	C:\Windows\System32\gdi32full.dll
0x00007ffa8a900000 - 0x00007ffa8a99d000 	C:\Windows\System32\msvcp_win.dll
0x00007ffa67790000 - 0x00007ffa677ab000 	C:\Users\Schueler\.jdks\openjdk-23.0.1\bin\VCRUNTIME140.dll
0x00007ffa681d0000 - 0x00007ffa6846a000 	C:\Windows\WinSxS\amd64_microsoft.windows.common-controls_6595b64144ccf1df_6.0.19041.4355_none_60b8b9eb71f62e16\COMCTL32.dll
0x00007ffa8a070000 - 0x00007ffa8a07a000 	C:\Windows\SYSTEM32\VERSION.dll
0x00007ffa8a060000 - 0x00007ffa8a06b000 	C:\Windows\SYSTEM32\FLTLIB.DLL
0x00007ffa8af30000 - 0x00007ffa8af5f000 	C:\Windows\System32\IMM32.DLL
0x00007ffa7daf0000 - 0x00007ffa7dafc000 	C:\Users\Schueler\.jdks\openjdk-23.0.1\bin\vcruntime140_1.dll
0x00007ffa5b880000 - 0x00007ffa5b90e000 	C:\Users\Schueler\.jdks\openjdk-23.0.1\bin\msvcp140.dll
0x00007ffa394b0000 - 0x00007ffa3a1ff000 	C:\Users\Schueler\.jdks\openjdk-23.0.1\bin\server\jvm.dll
0x00007ffa8afc0000 - 0x00007ffa8b02b000 	C:\Windows\System32\WS2_32.dll
0x00007ffa8a100000 - 0x00007ffa8a14b000 	C:\Windows\SYSTEM32\POWRPROF.dll
0x00007ffa673d0000 - 0x00007ffa673f7000 	C:\Windows\SYSTEM32\WINMM.dll
0x00007ffa89b80000 - 0x00007ffa89b92000 	C:\Windows\SYSTEM32\UMPDC.dll
0x00007ffa88060000 - 0x00007ffa88072000 	C:\Windows\SYSTEM32\kernel.appcore.dll
0x00007ffa77ad0000 - 0x00007ffa77ada000 	C:\Users\Schueler\.jdks\openjdk-23.0.1\bin\jimage.dll
0x00007ffa81d90000 - 0x00007ffa81f74000 	C:\Windows\SYSTEM32\DBGHELP.DLL
0x00007ffa81c10000 - 0x00007ffa81c44000 	C:\Windows\SYSTEM32\dbgcore.DLL
0x00007ffa8a750000 - 0x00007ffa8a7d2000 	C:\Windows\System32\bcryptPrimitives.dll
0x00007ffa648a0000 - 0x00007ffa648af000 	C:\Users\Schueler\.jdks\openjdk-23.0.1\bin\instrument.dll
0x00007ffa64b50000 - 0x00007ffa64b6e000 	C:\Users\Schueler\.jdks\openjdk-23.0.1\bin\java.dll
0x00007ffa8c1a0000 - 0x00007ffa8c2cb000 	C:\Windows\System32\ole32.dll
0x00007ffa8b350000 - 0x00007ffa8b6a3000 	C:\Windows\System32\combase.dll
0x0000020f0e380000 - 0x0000020f0eaef000 	C:\Windows\System32\SHELL32.dll
0x00007ffa67540000 - 0x00007ffa675ed000 	C:\Program Files\SentinelOne\Sentinel Agent 23.3.3.264\SentinelJava64.dll
0x00007ffa8aed0000 - 0x00007ffa8af25000 	C:\Windows\System32\SHLWAPI.dll

dbghelp: loaded successfully - version: 4.0.5 - missing functions: none
symbol engine: initialized successfully - sym options: 0x614 - pdb path: .;C:\Users\Schueler\.jdks\openjdk-23.0.1\bin;C:\Windows\SYSTEM32;C:\Program Files\SentinelOne\Sentinel Agent 23.3.3.264;C:\Windows\WinSxS\amd64_microsoft.windows.common-controls_6595b64144ccf1df_6.0.19041.4355_none_60b8b9eb71f62e16;C:\Users\Schueler\.jdks\openjdk-23.0.1\bin\server

VM Arguments:
jvm_args: -ea -Didea.test.cyclic.buffer.size=1048576 -javaagent:C:\Users\Schueler\Desktop\IntelliJ IDEA Community Edition 2024.2.3\lib\idea_rt.jar=54754:C:\Users\Schueler\Desktop\IntelliJ IDEA Community Edition 2024.2.3\bin -Dfile.encoding=UTF-8 -Dsun.stdout.encoding=UTF-8 -Dsun.stderr.encoding=UTF-8 -agentpath:C:\Program Files\SentinelOne\Sentinel Agent 23.3.3.264\SentinelJava64.dll=extendedCapabilities 
java_command: com.intellij.rt.testng.RemoteTestNGStarter -usedefaultlisteners false -socket54753 @w@C:\Users\Schueler\AppData\Local\Temp\idea_working_dirs_testng.tmp -temp C:\Users\Schueler\AppData\Local\Temp\idea_testng.tmp
java_class_path (initial): C:\Users\Schueler\Desktop\IntelliJ IDEA Community Edition 2024.2.3\lib\idea_rt.jar;C:\Users\Schueler\Desktop\IntelliJ IDEA Community Edition 2024.2.3\plugins\testng\lib\testng-rt.jar;C:\Users\Schueler\IdeaProjects\3FA132-Team2\target\classes;C:\Users\Schueler\.m2\repository\org\junit\jupiter\junit-jupiter-api\5.10.0\junit-jupiter-api-5.10.0.jar;C:\Users\Schueler\.m2\repository\org\opentest4j\opentest4j\1.3.0\opentest4j-1.3.0.jar;C:\Users\Schueler\.m2\repository\org\junit\platform\junit-platform-commons\1.10.0\junit-platform-commons-1.10.0.jar;C:\Users\Schueler\.m2\repository\org\apiguardian\apiguardian-api\1.1.2\apiguardian-api-1.1.2.jar;C:\Users\Schueler\.m2\repository\org\junit\jupiter\junit-jupiter-engine\5.10.0\junit-jupiter-engine-5.10.0.jar;C:\Users\Schueler\.m2\repository\org\junit\platform\junit-platform-engine\1.10.0\junit-platform-engine-1.10.0.jar;C:\Users\Schueler\.m2\repository\org\mariadb\jdbc\mariadb-java-client\3.0.3\mariadb-java-client-3.0.3.jar;C:\Users\Schueler\.m2\repository\org\testng\testng\7.10.2\testng-7.10.2.jar;C:\Users\Schueler\.m2\repository\org\slf4j\slf4j-api\1.7.36\slf4j-api-1.7.36.jar;C:\Users\Schueler\.m2\repository\com\beust\jcommander\1.82\jcommander-1.82.jar;C:\Users\Schueler\.m2\repository\org\webjars\jquery\3.7.1\jquery-3.7.1.jar
Launcher Type: SUN_STANDARD

[Global flags]
     intx CICompilerCount                          = 3                                         {product} {ergonomic}
     uint ConcGCThreads                            = 1                                         {product} {ergonomic}
     uint G1ConcRefinementThreads                  = 4                                         {product} {ergonomic}
   size_t G1HeapRegionSize                         = 4194304                                   {product} {ergonomic}
   size_t InitialHeapSize                          = 335544320                                 {product} {ergonomic}
   size_t MarkStackSize                            = 4194304                                   {product} {ergonomic}
   size_t MarkStackSizeMax                         = 536870912                                 {product} {ergonomic}
   size_t MaxHeapSize                              = 5368709120                                {product} {ergonomic}
   size_t MinHeapDeltaBytes                        = 4194304                                   {product} {ergonomic}
   size_t MinHeapSize                              = 8388608                                   {product} {ergonomic}
    uintx NonNMethodCodeHeapSize                   = 5832704                                {pd product} {ergonomic}
    uintx NonProfiledCodeHeapSize                  = 122945536                              {pd product} {ergonomic}
    uintx ProfiledCodeHeapSize                     = 122880000                              {pd product} {ergonomic}
    uintx ReservedCodeCacheSize                    = 251658240                              {pd product} {ergonomic}
     bool SegmentedCodeCache                       = true                                      {product} {ergonomic}
   size_t SoftMaxHeapSize                          = 5368709120                             {manageable} {ergonomic}
     bool UseCompressedOops                        = true                           {product lp64_product} {ergonomic}
     bool UseG1GC                                  = true                                      {product} {ergonomic}
     bool UseLargePagesIndividualAllocation        = false                                  {pd product} {ergonomic}

Logging:
Log output configuration:
 #0: stdout all=warning uptime,level,tags foldmultilines=false
 #1: stderr all=off uptime,level,tags foldmultilines=false

Environment Variables:
PATH=C:\Windows\system32;C:\Windows;C:\Windows\System32\Wbem;C:\Windows\System32\WindowsPowerShell\v1.0\;C:\Windows\System32\OpenSSH\;C:\Program Files (x86)\Bitvise SSH Client;C:\Program Files\Git\cmd;%USERPROFILE%\AppData\Local\Microsoft\WindowsApps;;C:\ProgramData\Tools
USERNAME=Schueler
OS=Windows_NT
PROCESSOR_IDENTIFIER=Intel64 Family 6 Model 106 Stepping 6, GenuineIntel
TMP=C:\Users\Schueler\AppData\Local\Temp
TEMP=C:\Users\Schueler\AppData\Local\Temp




Periodic native trim disabled

---------------  S Y S T E M  ---------------

OS:
 Windows 10 , 64 bit Build 19041 (10.0.19041.4957)
OS uptime: 1 days 9:46 hours
Hyper-V role detected

CPU: total 4 (initial active 4) (2 cores per cpu, 2 threads per core) family 6 model 106 stepping 6 microcode 0xffffffff, cx8, cmov, fxsr, ht, mmx, 3dnowpref, sse, sse2, sse3, ssse3, sse4.1, sse4.2, popcnt, lzcnt, tsc, avx, avx2, aes, erms, clmul, bmi1, bmi2, rtm, adx, avx512f, avx512dq, avx512cd, avx512bw, avx512vl, sha, fma, vzeroupper, avx512_vpopcntdq, avx512_vpclmulqdq, avx512_vaes, avx512_vnni, clflush, clflushopt, clwb, avx512_vbmi2, avx512_vbmi, hv, rdtscp, rdpid, fsrm, gfni, avx512_bitalg, f16c, avx512_ifma
Processor Information for the first 4 processors :
  Max Mhz: 1995, Current Mhz: 1995, Mhz Limit: 1995

Memory: 4k page, system-wide physical 20478M (2725M free)
TotalPageFile size 20578M (AvailPageFile size 276M)
current process WorkingSet (physical memory assigned to process): 19M, peak: 19M
current process commit charge ("private bytes"): 56M, peak: 376M

vm_info: OpenJDK 64-Bit Server VM (23.0.1+11-39) for windows-amd64 JRE (23.0.1+11-39), built on 2024-09-30T07:20:43Z with MS VC++ 17.6 (VS2022)

END.
